Determining if the pthread_create exist failed with the following output:
Change Dir: /home/legion/ws_moveit/build/catkin_tools_prebuild/CMakeFiles/CMakeTmp

Run Build Command:"/usr/bin/make" "cmTC_a3b9c/fast"
/usr/bin/make -f CMakeFiles/cmTC_a3b9c.dir/build.make CMakeFiles/cmTC_a3b9c.dir/build
make[1]: ingresso nella directory "/home/legion/ws_moveit/build/catkin_tools_prebuild/CMakeFiles/CMakeTmp"
Building C object CMakeFiles/cmTC_a3b9c.dir/CheckSymbolExists.c.o
/usr/bin/cc    -o CMakeFiles/cmTC_a3b9c.dir/CheckSymbolExists.c.o   -c /home/legion/ws_moveit/build/catkin_tools_prebuild/CMakeFiles/CMakeTmp/CheckSymbolExists.c
Linking C executable cmTC_a3b9c
/usr/bin/cmake -E cmake_link_script CMakeFiles/cmTC_a3b9c.dir/link.txt --verbose=1
/usr/bin/cc      -rdynamic CMakeFiles/cmTC_a3b9c.dir/CheckSymbolExists.c.o  -o cmTC_a3b9c 
CMakeFiles/cmTC_a3b9c.dir/CheckSymbolExists.c.o: nella funzione "main":
CheckSymbolExists.c:(.text+0x1b): riferimento non definito a "pthread_create"
collect2: error: ld returned 1 exit status
CMakeFiles/cmTC_a3b9c.dir/build.make:97: recipe for target 'cmTC_a3b9c' failed
make[1]: *** [cmTC_a3b9c] Error 1
make[1]: uscita dalla directory "/home/legion/ws_moveit/build/catkin_tools_prebuild/CMakeFiles/CMakeTmp"
Makefile:126: recipe for target 'cmTC_a3b9c/fast' failed
make: *** [cmTC_a3b9c/fast] Error 2

File /home/legion/ws_moveit/build/catkin_tools_prebuild/CMakeFiles/CMakeTmp/CheckSymbolExists.c:
/* */
#include <pthread.h>

int main(int argc, char** argv)
{
  (void)argv;
#ifndef pthread_create
  return ((int*)(&pthread_create))[argc];
#else
  (void)argc;
  return 0;
#endif
}

Determining if the function pthread_create exists in the pthreads failed with the following output:
Change Dir: /home/legion/ws_moveit/build/catkin_tools_prebuild/CMakeFiles/CMakeTmp

Run Build Command:"/usr/bin/make" "cmTC_9ced4/fast"
/usr/bin/make -f CMakeFiles/cmTC_9ced4.dir/build.make CMakeFiles/cmTC_9ced4.dir/build
make[1]: ingresso nella directory "/home/legion/ws_moveit/build/catkin_tools_prebuild/CMakeFiles/CMakeTmp"
Building C object CMakeFiles/cmTC_9ced4.dir/CheckFunctionExists.c.o
/usr/bin/cc   -DCHECK_FUNCTION_EXISTS=pthread_create   -o CMakeFiles/cmTC_9ced4.dir/CheckFunctionExists.c.o   -c /usr/share/cmake-3.10/Modules/CheckFunctionExists.c
Linking C executable cmTC_9ced4
/usr/bin/cmake -E cmake_link_script CMakeFiles/cmTC_9ced4.dir/link.txt --verbose=1
/usr/bin/cc  -DCHECK_FUNCTION_EXISTS=pthread_create    -rdynamic CMakeFiles/cmTC_9ced4.dir/CheckFunctionExists.c.o  -o cmTC_9ced4 -lpthreads 
/usr/bin/ld: impossibile trovare -lpthreads
collect2: error: ld returned 1 exit status
CMakeFiles/cmTC_9ced4.dir/build.make:97: recipe for target 'cmTC_9ced4' failed
make[1]: *** [cmTC_9ced4] Error 1
make[1]: uscita dalla directory "/home/legion/ws_moveit/build/catkin_tools_prebuild/CMakeFiles/CMakeTmp"
Makefile:126: recipe for target 'cmTC_9ced4/fast' failed
make: *** [cmTC_9ced4/fast] Error 2


