Determining if the pthread_create exist failed with the following output:
Change Dir: /home/legion/ws_moveit/build/moveit_tutorials/CMakeFiles/CMakeTmp

Run Build Command:"/usr/bin/make" "cmTC_3f3d4/fast"
/usr/bin/make -f CMakeFiles/cmTC_3f3d4.dir/build.make CMakeFiles/cmTC_3f3d4.dir/build
make[1]: ingresso nella directory "/home/legion/ws_moveit/build/moveit_tutorials/CMakeFiles/CMakeTmp"
Building C object CMakeFiles/cmTC_3f3d4.dir/CheckSymbolExists.c.o
/usr/bin/cc    -o CMakeFiles/cmTC_3f3d4.dir/CheckSymbolExists.c.o   -c /home/legion/ws_moveit/build/moveit_tutorials/CMakeFiles/CMakeTmp/CheckSymbolExists.c
Linking C executable cmTC_3f3d4
/usr/bin/cmake -E cmake_link_script CMakeFiles/cmTC_3f3d4.dir/link.txt --verbose=1
/usr/bin/cc      -rdynamic CMakeFiles/cmTC_3f3d4.dir/CheckSymbolExists.c.o  -o cmTC_3f3d4 
CMakeFiles/cmTC_3f3d4.dir/CheckSymbolExists.c.o: nella funzione "main":
CheckSymbolExists.c:(.text+0x1b): riferimento non definito a "pthread_create"
collect2: error: ld returned 1 exit status
CMakeFiles/cmTC_3f3d4.dir/build.make:97: recipe for target 'cmTC_3f3d4' failed
make[1]: *** [cmTC_3f3d4] Error 1
make[1]: uscita dalla directory "/home/legion/ws_moveit/build/moveit_tutorials/CMakeFiles/CMakeTmp"
Makefile:126: recipe for target 'cmTC_3f3d4/fast' failed
make: *** [cmTC_3f3d4/fast] Error 2

File /home/legion/ws_moveit/build/moveit_tutorials/CMakeFiles/CMakeTmp/CheckSymbolExists.c:
/* */
#include <pthread.h>

int main(int argc, char** argv)
{
  (void)argv;
#ifndef pthread_create
  return ((int*)(&pthread_create))[argc];
#else
  (void)argc;
  return 0;
#endif
}

Determining if the function pthread_create exists in the pthreads failed with the following output:
Change Dir: /home/legion/ws_moveit/build/moveit_tutorials/CMakeFiles/CMakeTmp

Run Build Command:"/usr/bin/make" "cmTC_284a0/fast"
/usr/bin/make -f CMakeFiles/cmTC_284a0.dir/build.make CMakeFiles/cmTC_284a0.dir/build
make[1]: ingresso nella directory "/home/legion/ws_moveit/build/moveit_tutorials/CMakeFiles/CMakeTmp"
Building C object CMakeFiles/cmTC_284a0.dir/CheckFunctionExists.c.o
/usr/bin/cc   -DCHECK_FUNCTION_EXISTS=pthread_create   -o CMakeFiles/cmTC_284a0.dir/CheckFunctionExists.c.o   -c /usr/share/cmake-3.10/Modules/CheckFunctionExists.c
Linking C executable cmTC_284a0
/usr/bin/cmake -E cmake_link_script CMakeFiles/cmTC_284a0.dir/link.txt --verbose=1
/usr/bin/cc  -DCHECK_FUNCTION_EXISTS=pthread_create    -rdynamic CMakeFiles/cmTC_284a0.dir/CheckFunctionExists.c.o  -o cmTC_284a0 -lpthreads 
/usr/bin/ld: impossibile trovare -lpthreads
collect2: error: ld returned 1 exit status
CMakeFiles/cmTC_284a0.dir/build.make:97: recipe for target 'cmTC_284a0' failed
make[1]: *** [cmTC_284a0] Error 1
make[1]: uscita dalla directory "/home/legion/ws_moveit/build/moveit_tutorials/CMakeFiles/CMakeTmp"
Makefile:126: recipe for target 'cmTC_284a0/fast' failed
make: *** [cmTC_284a0/fast] Error 2


